<?xml version="1.0" encoding="UTF-8"?>
<testng-results ignored="0" total="1" passed="1" failed="0" skipped="0">
  <reporter-output>
  </reporter-output>
  <suite started-at="2023-05-06T19:33:34 IST" name="Default suite" finished-at="2023-05-06T19:33:34 IST" duration-ms="84">
    <groups>
    </groups>
    <test started-at="2023-05-06T19:33:34 IST" name="Default test" finished-at="2023-05-06T19:33:34 IST" duration-ms="84">
      <class name="Hello">
        <test-method signature="hello()[pri:0, instance:Hello@4ac3c60d]" started-at="2023-05-06T19:33:34 IST" name="hello" finished-at="2023-05-06T19:33:34 IST" duration-ms="19" status="PASS">
          <reporter-output>
          </reporter-output>
        </test-method> <!-- hello -->
      </class> <!-- Hello -->
    </test> <!-- Default test -->
  </suite> <!-- Default suite -->
</testng-results>
